update-alternatives 2018-07-24 20:51:53: run with --quiet --install /usr/bin/awk awk /usr/bin/mawk 5 --slave /usr/share/man/man1/awk.1.gz awk.1.gz /usr/share/man/man1/mawk.1.gz --slave /usr/bin/nawk nawk /usr/bin/mawk --slave /usr/share/man/man1/nawk.1.gz nawk.1.gz /usr/share/man/man1/mawk.1.gz
update-alternatives 2018-07-24 20:51:53: link group awk updated to point to /usr/bin/mawk
update-alternatives 2018-07-24 20:52:00: run with --quiet --install /usr/bin/awk awk /usr/bin/mawk 5 --slave /usr/share/man/man1/awk.1.gz awk.1.gz /usr/share/man/man1/mawk.1.gz --slave /usr/bin/nawk nawk /usr/bin/mawk --slave /usr/share/man/man1/nawk.1.gz nawk.1.gz /usr/share/man/man1/mawk.1.gz
update-alternatives 2018-07-24 20:52:01: run with --install /usr/share/man/man7/builtins.7.gz builtins.7.gz /usr/share/man/man7/bash-builtins.7.gz 10
update-alternatives 2018-07-24 20:52:01: link group builtins.7.gz updated to point to /usr/share/man/man7/bash-builtins.7.gz
update-alternatives 2018-07-24 20:52:01: run with --install /usr/sbin/rmt rmt /usr/sbin/rmt-tar 50 --slave /usr/share/man/man8/rmt.8.gz rmt.8.gz /usr/share/man/man8/rmt-tar.8.gz
update-alternatives 2018-07-24 20:52:01: link group rmt updated to point to /usr/sbin/rmt-tar
update-alternatives 2018-07-24 20:52:02: run with --install /usr/bin/pager pager /bin/more 50 --slave /usr/share/man/man1/pager.1.gz pager.1.gz /usr/share/man/man1/more.1.gz
update-alternatives 2018-07-24 20:52:02: link group pager updated to point to /bin/more
update-alternatives 2018-07-24 20:52:02: run with --remove pager /usr/bin/pg
update-alternatives 2018-07-24 20:52:02: run with --install /usr/bin/w w /usr/bin/w.procps 50 --slave /usr/share/man/man1/w.1.gz w.1.gz /usr/share/man/man1/w.procps.1.gz
update-alternatives 2018-07-24 20:52:02: link group w updated to point to /usr/bin/w.procps
update-alternatives 2018-07-24 20:52:14: run with --quiet --install /usr/bin/awk awk /usr/bin/mawk 5 --slave /usr/share/man/man1/awk.1.gz awk.1.gz /usr/share/man/man1/mawk.1.gz --slave /usr/bin/nawk nawk /usr/bin/mawk --slave /usr/share/man/man1/nawk.1.gz nawk.1.gz /usr/share/man/man1/mawk.1.gz
update-alternatives 2018-07-24 20:52:14: auto-repair link group awk
update-alternatives 2018-07-24 20:52:17: run with --remove builtins.7.gz /usr/share/man/man7/bash-builtins.7.gz
update-alternatives 2018-07-24 20:52:17: link group builtins.7.gz fully removed
update-alternatives 2018-07-24 20:52:30: run with --install /usr/sbin/rmt rmt /usr/sbin/rmt-tar 50 --slave /usr/share/man/man8/rmt.8.gz rmt.8.gz /usr/share/man/man8/rmt-tar.8.gz
update-alternatives 2018-07-24 20:52:30: auto-repair link group rmt
update-alternatives 2018-07-24 20:52:57: run with --install /usr/bin/pager pager /bin/more 50 --slave /usr/share/man/man1/pager.1.gz pager.1.gz /usr/share/man/man1/more.1.gz
update-alternatives 2018-07-24 20:52:57: auto-repair link group pager
update-alternatives 2018-07-24 20:52:57: run with --remove pager /usr/bin/pg
update-alternatives 2018-07-24 20:53:16: run with --install /usr/bin/w w /usr/bin/w.procps 50 --slave /usr/share/man/man1/w.1.gz w.1.gz /usr/share/man/man1/w.procps.1.gz
update-alternatives 2018-07-24 20:53:16: auto-repair link group w
update-alternatives 2018-07-24 20:53:24: run with --install /usr/bin/pager pager /bin/more 50 --slave /usr/share/man/man1/pager.1.gz pager.1.gz /usr/share/man/man1/more.1.gz
update-alternatives 2018-07-24 20:53:24: run with --remove pager /usr/bin/pg
update-alternatives 2018-07-24 20:53:27: run with --install /usr/bin/w w /usr/bin/w.procps 50 --slave /usr/share/man/man1/w.1.gz w.1.gz /usr/share/man/man1/w.procps.1.gz
update-alternatives 2018-08-16 07:04:54: run with --quiet --install /usr/bin/rsh rsh /usr/bin/ssh 20 --slave /usr/share/man/man1/rsh.1.gz rsh.1.gz /usr/share/man/man1/ssh.1.gz
update-alternatives 2018-08-16 07:04:54: link group rsh updated to point to /usr/bin/ssh
update-alternatives 2018-08-16 07:04:54: run with --quiet --install /usr/bin/rlogin rlogin /usr/bin/slogin 20 --slave /usr/share/man/man1/rlogin.1.gz rlogin.1.gz /usr/share/man/man1/slogin.1.gz
update-alternatives 2018-08-16 07:04:54: link group rlogin updated to point to /usr/bin/slogin
update-alternatives 2018-08-16 07:04:54: run with --quiet --install /usr/bin/rcp rcp /usr/bin/scp 20 --slave /usr/share/man/man1/rcp.1.gz rcp.1.gz /usr/share/man/man1/scp.1.gz
update-alternatives 2018-08-16 07:04:54: link group rcp updated to point to /usr/bin/scp
update-alternatives 2018-08-16 07:05:02: run with --quiet --install /usr/bin/pager pager /bin/less 77 --slave /usr/share/man/man1/pager.1.gz pager.1.gz /usr/share/man/man1/less.1.gz
update-alternatives 2018-08-16 07:05:02: link group pager updated to point to /bin/less
update-alternatives 2018-08-16 07:05:02: run with --quiet --remove pager /usr/bin/less
update-alternatives 2018-08-16 07:05:02: run with --quiet --install /usr/bin/pager pager /bin/less 77 --slave /usr/share/man/man1/pager.1.gz pager.1.gz /usr/share/man/man1/less.1.gz
update-alternatives 2018-08-16 07:05:02: run with --quiet --remove pager /usr/bin/less
update-alternatives 2018-08-16 07:05:02: run with --quiet --install /usr/bin/pinentry pinentry /usr/bin/pinentry-curses 50 --slave /usr/share/man/man1/pinentry.1.gz pinentry.1.gz /usr/share/man/man1/pinentry-curses.1.gz
update-alternatives 2018-08-16 07:05:02: link group pinentry updated to point to /usr/bin/pinentry-curses
update-alternatives 2018-08-16 07:05:02: run with --install /usr/bin/rview rview /usr/bin/vim.tiny 15
update-alternatives 2018-08-16 07:05:02: link group rview updated to point to /usr/bin/vim.tiny
update-alternatives 2018-08-16 07:05:02: run with --install /usr/bin/vi vi /usr/bin/vim.tiny 15 --slave /usr/share/man/fr/man1/vi.1.gz vi.fr.1.gz /usr/share/man/fr/man1/vim.1.gz --slave /usr/share/man/it/man1/vi.1.gz vi.it.1.gz /usr/share/man/it/man1/vim.1.gz --slave /usr/share/man/pl/man1/vi.1.gz vi.pl.1.gz /usr/share/man/pl/man1/vim.1.gz --slave /usr/share/man/ru/man1/vi.1.gz vi.ru.1.gz /usr/share/man/ru/man1/vim.1.gz --slave /usr/share/man/ja/man1/vi.1.gz vi.ja.1.gz /usr/share/man/ja/man1/vim.1.gz --slave /usr/share/man/man1/vi.1.gz vi.1.gz /usr/share/man/man1/vim.1.gz
update-alternatives 2018-08-16 07:05:02: link group vi updated to point to /usr/bin/vim.tiny
update-alternatives 2018-08-16 07:05:02: run with --install /usr/bin/view view /usr/bin/vim.tiny 15 --slave /usr/share/man/fr/man1/view.1.gz view.fr.1.gz /usr/share/man/fr/man1/vim.1.gz --slave /usr/share/man/it/man1/view.1.gz view.it.1.gz /usr/share/man/it/man1/vim.1.gz --slave /usr/share/man/pl/man1/view.1.gz view.pl.1.gz /usr/share/man/pl/man1/vim.1.gz --slave /usr/share/man/ru/man1/view.1.gz view.ru.1.gz /usr/share/man/ru/man1/vim.1.gz --slave /usr/share/man/ja/man1/view.1.gz view.ja.1.gz /usr/share/man/ja/man1/vim.1.gz --slave /usr/share/man/man1/view.1.gz view.1.gz /usr/share/man/man1/vim.1.gz
update-alternatives 2018-08-16 07:05:02: link group view updated to point to /usr/bin/vim.tiny
update-alternatives 2018-08-16 07:05:02: run with --install /usr/bin/ex ex /usr/bin/vim.tiny 15 --slave /usr/share/man/fr/man1/ex.1.gz ex.fr.1.gz /usr/share/man/fr/man1/vim.1.gz --slave /usr/share/man/it/man1/ex.1.gz ex.it.1.gz /usr/share/man/it/man1/vim.1.gz --slave /usr/share/man/pl/man1/ex.1.gz ex.pl.1.gz /usr/share/man/pl/man1/vim.1.gz --slave /usr/share/man/ru/man1/ex.1.gz ex.ru.1.gz /usr/share/man/ru/man1/vim.1.gz --slave /usr/share/man/ja/man1/ex.1.gz ex.ja.1.gz /usr/share/man/ja/man1/vim.1.gz --slave /usr/share/man/man1/ex.1.gz ex.1.gz /usr/share/man/man1/vim.1.gz
update-alternatives 2018-08-16 07:05:02: link group ex updated to point to /usr/bin/vim.tiny
update-alternatives 2018-08-16 07:05:02: run with --install /usr/bin/editor editor /usr/bin/vim.tiny 15 --slave /usr/share/man/fr/man1/editor.1.gz editor.fr.1.gz /usr/share/man/fr/man1/vim.1.gz --slave /usr/share/man/it/man1/editor.1.gz editor.it.1.gz /usr/share/man/it/man1/vim.1.gz --slave /usr/share/man/pl/man1/editor.1.gz editor.pl.1.gz /usr/share/man/pl/man1/vim.1.gz --slave /usr/share/man/ru/man1/editor.1.gz editor.ru.1.gz /usr/share/man/ru/man1/vim.1.gz --slave /usr/share/man/ja/man1/editor.1.gz editor.ja.1.gz /usr/share/man/ja/man1/vim.1.gz --slave /usr/share/man/man1/editor.1.gz editor.1.gz /usr/share/man/man1/vim.1.gz
update-alternatives 2018-08-16 07:05:02: link group editor updated to point to /usr/bin/vim.tiny
update-alternatives 2018-12-19 07:09:04: run with --install /etc/mysql/my.cnf my.cnf /etc/mysql/my.cnf.fallback 100
update-alternatives 2018-12-19 07:09:04: link group my.cnf updated to point to /etc/mysql/my.cnf.fallback
update-alternatives 2018-12-19 07:09:04: run with --install /etc/mysql/my.cnf my.cnf /etc/mysql/mariadb.cnf 200
update-alternatives 2018-12-19 07:09:04: link group my.cnf updated to point to /etc/mysql/mariadb.cnf
update-alternatives 2018-12-19 07:09:13: run with --quiet --install /usr/bin/awk awk /usr/bin/gawk 10 --slave /usr/share/man/man1/awk.1.gz awk.1.gz /usr/share/man/man1/gawk.1.gz --slave /usr/bin/nawk nawk /usr/bin/gawk --slave /usr/share/man/man1/nawk.1.gz nawk.1.gz /usr/share/man/man1/gawk.1.gz
update-alternatives 2018-12-19 07:09:13: link group awk updated to point to /usr/bin/gawk
update-alternatives 2018-12-19 07:09:54: run with --install /usr/bin/vim vim /usr/bin/vim.basic 30
update-alternatives 2018-12-19 07:09:54: link group vim updated to point to /usr/bin/vim.basic
update-alternatives 2018-12-19 07:09:54: run with --install /usr/bin/vimdiff vimdiff /usr/bin/vim.basic 30
update-alternatives 2018-12-19 07:09:54: link group vimdiff updated to point to /usr/bin/vim.basic
update-alternatives 2018-12-19 07:09:54: run with --install /usr/bin/rvim rvim /usr/bin/vim.basic 30
update-alternatives 2018-12-19 07:09:54: link group rvim updated to point to /usr/bin/vim.basic
update-alternatives 2018-12-19 07:09:54: run with --install /usr/bin/rview rview /usr/bin/vim.basic 30
update-alternatives 2018-12-19 07:09:54: link group rview updated to point to /usr/bin/vim.basic
update-alternatives 2018-12-19 07:09:54: run with --install /usr/bin/vi vi /usr/bin/vim.basic 30 --slave /usr/share/man/fr/man1/vi.1.gz vi.fr.1.gz /usr/share/man/fr/man1/vim.1.gz --slave /usr/share/man/it/man1/vi.1.gz vi.it.1.gz /usr/share/man/it/man1/vim.1.gz --slave /usr/share/man/pl/man1/vi.1.gz vi.pl.1.gz /usr/share/man/pl/man1/vim.1.gz --slave /usr/share/man/ru/man1/vi.1.gz vi.ru.1.gz /usr/share/man/ru/man1/vim.1.gz --slave /usr/share/man/ja/man1/vi.1.gz vi.ja.1.gz /usr/share/man/ja/man1/vim.1.gz --slave /usr/share/man/man1/vi.1.gz vi.1.gz /usr/share/man/man1/vim.1.gz
update-alternatives 2018-12-19 07:09:54: link group vi updated to point to /usr/bin/vim.basic
update-alternatives 2018-12-19 07:09:54: run with --install /usr/bin/view view /usr/bin/vim.basic 30 --slave /usr/share/man/fr/man1/view.1.gz view.fr.1.gz /usr/share/man/fr/man1/vim.1.gz --slave /usr/share/man/it/man1/view.1.gz view.it.1.gz /usr/share/man/it/man1/vim.1.gz --slave /usr/share/man/pl/man1/view.1.gz view.pl.1.gz /usr/share/man/pl/man1/vim.1.gz --slave /usr/share/man/ru/man1/view.1.gz view.ru.1.gz /usr/share/man/ru/man1/vim.1.gz --slave /usr/share/man/ja/man1/view.1.gz view.ja.1.gz /usr/share/man/ja/man1/vim.1.gz --slave /usr/share/man/man1/view.1.gz view.1.gz /usr/share/man/man1/vim.1.gz
update-alternatives 2018-12-19 07:09:54: link group view updated to point to /usr/bin/vim.basic
update-alternatives 2018-12-19 07:09:54: run with --install /usr/bin/ex ex /usr/bin/vim.basic 30 --slave /usr/share/man/fr/man1/ex.1.gz ex.fr.1.gz /usr/share/man/fr/man1/vim.1.gz --slave /usr/share/man/it/man1/ex.1.gz ex.it.1.gz /usr/share/man/it/man1/vim.1.gz --slave /usr/share/man/pl/man1/ex.1.gz ex.pl.1.gz /usr/share/man/pl/man1/vim.1.gz --slave /usr/share/man/ru/man1/ex.1.gz ex.ru.1.gz /usr/share/man/ru/man1/vim.1.gz --slave /usr/share/man/ja/man1/ex.1.gz ex.ja.1.gz /usr/share/man/ja/man1/vim.1.gz --slave /usr/share/man/man1/ex.1.gz ex.1.gz /usr/share/man/man1/vim.1.gz
update-alternatives 2018-12-19 07:09:54: link group ex updated to point to /usr/bin/vim.basic
update-alternatives 2018-12-19 07:09:54: run with --install /usr/bin/editor editor /usr/bin/vim.basic 30 --slave /usr/share/man/fr/man1/editor.1.gz editor.fr.1.gz /usr/share/man/fr/man1/vim.1.gz --slave /usr/share/man/it/man1/editor.1.gz editor.it.1.gz /usr/share/man/it/man1/vim.1.gz --slave /usr/share/man/pl/man1/editor.1.gz editor.pl.1.gz /usr/share/man/pl/man1/vim.1.gz --slave /usr/share/man/ru/man1/editor.1.gz editor.ru.1.gz /usr/share/man/ru/man1/vim.1.gz --slave /usr/share/man/ja/man1/editor.1.gz editor.ja.1.gz /usr/share/man/ja/man1/vim.1.gz --slave /usr/share/man/man1/editor.1.gz editor.1.gz /usr/share/man/man1/vim.1.gz
update-alternatives 2018-12-19 07:09:54: link group editor updated to point to /usr/bin/vim.basic
update-alternatives 2018-12-19 07:10:22: run with --quiet --install /lib/cpp cpp /usr/bin/cpp 10
update-alternatives 2018-12-19 07:10:22: link group cpp updated to point to /usr/bin/cpp
update-alternatives 2018-12-19 07:10:25: run with --quiet --install /usr/bin/cc cc /usr/bin/gcc 20 --slave /usr/share/man/man1/cc.1.gz cc.1.gz /usr/share/man/man1/gcc.1.gz
update-alternatives 2018-12-19 07:10:25: link group cc updated to point to /usr/bin/gcc
update-alternatives 2018-12-19 07:10:25: run with --quiet --install /usr/bin/c89 c89 /usr/bin/c89-gcc 20 --slave /usr/share/man/man1/c89.1.gz c89.1.gz /usr/share/man/man1/c89-gcc.1.gz
update-alternatives 2018-12-19 07:10:25: link group c89 updated to point to /usr/bin/c89-gcc
update-alternatives 2018-12-19 07:10:25: run with --quiet --install /usr/bin/c99 c99 /usr/bin/c99-gcc 20 --slave /usr/share/man/man1/c99.1.gz c99.1.gz /usr/share/man/man1/c99-gcc.1.gz
update-alternatives 2018-12-19 07:10:25: link group c99 updated to point to /usr/bin/c99-gcc
