2019-10-11  3:19:53 139810865364096 [Note] /usr/sbin/mysqld (mysqld 10.1.34-MariaDB-0ubuntu0.18.04.1) starting as process 39 ...
2019-10-11  3:19:53 139810865364096 [Note] InnoDB: innodb_empty_free_list_algorithm has been changed to legacy because of small buffer pool size. In order to use backoff, increase buffer pool at least up to 20MB.

2019-10-11  3:19:54 139810865364096 [Note] InnoDB: Using mutexes to ref count buffer pool pages
2019-10-11  3:19:54 139810865364096 [Note] InnoDB: The InnoDB memory heap is disabled
2019-10-11  3:19:54 139810865364096 [Note] InnoDB: Mutexes and rw_locks use GCC atomic builtins
2019-10-11  3:19:54 139810865364096 [Note] InnoDB: GCC builtin __atomic_thread_fence() is used for memory barrier
2019-10-11  3:19:54 139810865364096 [Note] InnoDB: Compressed tables use zlib 1.2.11
2019-10-11  3:19:54 139810865364096 [Note] InnoDB: Using Linux native AIO
2019-10-11  3:19:54 139810865364096 [Note] InnoDB: Using SSE crc32 instructions
2019-10-11  3:19:54 139810865364096 [Note] InnoDB: Initializing buffer pool, size = 128.0M
2019-10-11  3:19:54 139810865364096 [Note] InnoDB: Completed initialization of buffer pool
2019-10-11  3:19:54 139810865364096 [Note] InnoDB: Highest supported file format is Barracuda.
2019-10-11  3:19:54 139810865364096 [Note] InnoDB: 128 rollback segment(s) are active.
2019-10-11  3:19:54 139810865364096 [Note] InnoDB: Waiting for purge to start
2019-10-11  3:19:54 139810865364096 [Note] InnoDB:  Percona XtraDB (http://www.percona.com) 5.6.39-83.1 started; log sequence number 1616787
2019-10-11  3:19:54 139810865364096 [Note] Plugin 'FEEDBACK' is disabled.
2019-10-11  3:19:54 139810182264576 [Note] InnoDB: Dumping buffer pool(s) not yet started
2019-10-11  3:19:54 139810865364096 [Note] Server socket created on IP: '127.0.0.1'.
2019-10-11  3:19:54 139810865364096 [Note] /usr/sbin/mysqld: ready for connections.
Version: '10.1.34-MariaDB-0ubuntu0.18.04.1'  socket: '/var/run/mysqld/mysqld.sock'  port: 3306  Ubuntu 18.04
2019-10-11  3:21:05 139810864506624 [Note] /usr/sbin/mysqld: Normal shutdown
2019-10-11  3:21:05 139810864506624 [Note] Event Scheduler: Purging the queue. 0 events
2019-10-11  3:21:05 139810232583936 [Note] InnoDB: FTS optimize thread exiting.
2019-10-11  3:21:05 139810864506624 [Note] InnoDB: Starting shutdown...
2019-10-11  3:21:06 139810864506624 [Note] InnoDB: Waiting for page_cleaner to finish flushing of buffer pool
2019-10-11  3:21:08 139810864506624 [Note] InnoDB: Shutdown completed; log sequence number 1616797
2019-10-11  3:21:08 139810864506624 [Note] /usr/sbin/mysqld: Shutdown complete

