I, [2019-10-11T03:17:43.088857 #990]  INFO -- : Refreshing Gem list
I, [2019-10-11T03:18:22.831392 #990]  INFO -- : listening on addr=127.0.0.1:8080 fd=18
I, [2019-10-11T03:18:22.833712 #990]  INFO -- : listening on addr=/var/opt/gitlab/gitlab-rails/sockets/gitlab.socket fd=19
I, [2019-10-11T03:18:22.865249 #990]  INFO -- : master process ready
I, [2019-10-11T03:18:23.119470 #1221]  INFO -- : worker=1 ready
I, [2019-10-11T03:18:23.130226 #1218]  INFO -- : worker=0 ready
I, [2019-10-11T03:20:08.971547 #804]  INFO -- : Refreshing Gem list
Psych::SyntaxError: (<unknown>): did not find expected alphabetic or numeric character while scanning an alias at line 41 column 17
  /opt/gitlab/embedded/lib/ruby/2.4.0/psych.rb:377:in `parse'
  /opt/gitlab/embedded/lib/ruby/2.4.0/psych.rb:377:in `parse_stream'
  /opt/gitlab/embedded/lib/ruby/2.4.0/psych.rb:325:in `parse'
  /opt/gitlab/embedded/lib/ruby/2.4.0/psych.rb:252:in `load'
  /opt/gitlab/embedded/lib/ruby/gems/2.4.0/gems/settingslogic-2.0.9/lib/settingslogic.rb:103:in `initialize'
  /opt/gitlab/embedded/lib/ruby/gems/2.4.0/gems/settingslogic-2.0.9/lib/settingslogic.rb:60:in `new'
  /opt/gitlab/embedded/lib/ruby/gems/2.4.0/gems/settingslogic-2.0.9/lib/settingslogic.rb:60:in `instance'
  /opt/gitlab/embedded/lib/ruby/gems/2.4.0/gems/settingslogic-2.0.9/lib/settingslogic.rb:37:in `[]'
  /opt/gitlab/embedded/service/gitlab-rails/config/initializers/1_settings.rb:4:in `<top (required)>'
  /opt/gitlab/embedded/lib/ruby/gems/2.4.0/gems/activesupport-4.2.10/lib/active_support/dependencies.rb:268:in `load'
  /opt/gitlab/embedded/lib/ruby/gems/2.4.0/gems/activesupport-4.2.10/lib/active_support/dependencies.rb:268:in `block in load'
  /opt/gitlab/embedded/lib/ruby/gems/2.4.0/gems/activesupport-4.2.10/lib/active_support/dependencies.rb:240:in `load_dependency'
  /opt/gitlab/embedded/lib/ruby/gems/2.4.0/gems/activesupport-4.2.10/lib/active_support/dependencies.rb:268:in `load'
  /opt/gitlab/embedded/lib/ruby/gems/2.4.0/gems/railties-4.2.10/lib/rails/engine.rb:652:in `block in load_config_initializer'
  /opt/gitlab/embedded/lib/ruby/gems/2.4.0/gems/activesupport-4.2.10/lib/active_support/notifications.rb:166:in `instrument'
  /opt/gitlab/embedded/lib/ruby/gems/2.4.0/gems/railties-4.2.10/lib/rails/engine.rb:651:in `load_config_initializer'
  /opt/gitlab/embedded/lib/ruby/gems/2.4.0/gems/railties-4.2.10/lib/rails/engine.rb:616:in `block (2 levels) in <class:Engine>'
  /opt/gitlab/embedded/lib/ruby/gems/2.4.0/gems/railties-4.2.10/lib/rails/engine.rb:615:in `each'
  /opt/gitlab/embedded/lib/ruby/gems/2.4.0/gems/railties-4.2.10/lib/rails/engine.rb:615:in `block in <class:Engine>'
  /opt/gitlab/embedded/lib/ruby/gems/2.4.0/gems/railties-4.2.10/lib/rails/initializable.rb:30:in `instance_exec'
  /opt/gitlab/embedded/lib/ruby/gems/2.4.0/gems/railties-4.2.10/lib/rails/initializable.rb:30:in `run'
  /opt/gitlab/embedded/lib/ruby/gems/2.4.0/gems/railties-4.2.10/lib/rails/initializable.rb:55:in `block in run_initializers'
  /opt/gitlab/embedded/lib/ruby/2.4.0/tsort.rb:228:in `block in tsort_each'
  /opt/gitlab/embedded/lib/ruby/2.4.0/tsort.rb:350:in `block (2 levels) in each_strongly_connected_component'
  /opt/gitlab/embedded/lib/ruby/2.4.0/tsort.rb:422:in `block (2 levels) in each_strongly_connected_component_from'
  /opt/gitlab/embedded/lib/ruby/2.4.0/tsort.rb:431:in `each_strongly_connected_component_from'
  /opt/gitlab/embedded/lib/ruby/2.4.0/tsort.rb:421:in `block in each_strongly_connected_component_from'
  /opt/gitlab/embedded/lib/ruby/gems/2.4.0/gems/railties-4.2.10/lib/rails/initializable.rb:44:in `each'
  /opt/gitlab/embedded/lib/ruby/gems/2.4.0/gems/railties-4.2.10/lib/rails/initializable.rb:44:in `tsort_each_child'
  /opt/gitlab/embedded/lib/ruby/2.4.0/tsort.rb:415:in `call'
  /opt/gitlab/embedded/lib/ruby/2.4.0/tsort.rb:415:in `each_strongly_connected_component_from'
  /opt/gitlab/embedded/lib/ruby/2.4.0/tsort.rb:349:in `block in each_strongly_connected_component'
  /opt/gitlab/embedded/lib/ruby/2.4.0/tsort.rb:347:in `each'
  /opt/gitlab/embedded/lib/ruby/2.4.0/tsort.rb:347:in `call'
  /opt/gitlab/embedded/lib/ruby/2.4.0/tsort.rb:347:in `each_strongly_connected_component'
  /opt/gitlab/embedded/lib/ruby/2.4.0/tsort.rb:226:in `tsort_each'
  /opt/gitlab/embedded/lib/ruby/2.4.0/tsort.rb:205:in `tsort_each'
  /opt/gitlab/embedded/lib/ruby/gems/2.4.0/gems/railties-4.2.10/lib/rails/initializable.rb:54:in `run_initializers'
  /opt/gitlab/embedded/lib/ruby/gems/2.4.0/gems/railties-4.2.10/lib/rails/application.rb:352:in `initialize!'
  /opt/gitlab/embedded/service/gitlab-rails/config/environment.rb:11:in `<top (required)>'
  /opt/gitlab/embedded/service/gitlab-rails/config.ru:19:in `require'
  /opt/gitlab/embedded/service/gitlab-rails/config.ru:19:in `block in <main>'
  /opt/gitlab/embedded/lib/ruby/gems/2.4.0/gems/rack-1.6.10/lib/rack/builder.rb:55:in `instance_eval'
  /opt/gitlab/embedded/lib/ruby/gems/2.4.0/gems/rack-1.6.10/lib/rack/builder.rb:55:in `initialize'
  /opt/gitlab/embedded/service/gitlab-rails/config.ru:1:in `new'
  /opt/gitlab/embedded/service/gitlab-rails/config.ru:1:in `<main>'
  /opt/gitlab/embedded/lib/ruby/gems/2.4.0/gems/unicorn-5.1.0/lib/unicorn.rb:56:in `eval'
  /opt/gitlab/embedded/lib/ruby/gems/2.4.0/gems/unicorn-5.1.0/lib/unicorn.rb:56:in `block in builder'
  /opt/gitlab/embedded/lib/ruby/gems/2.4.0/gems/unicorn-5.1.0/lib/unicorn/http_server.rb:752:in `build_app!'
  /opt/gitlab/embedded/lib/ruby/gems/2.4.0/gems/unicorn-5.1.0/lib/unicorn/http_server.rb:129:in `start'
  /opt/gitlab/embedded/lib/ruby/gems/2.4.0/gems/unicorn-5.1.0/bin/unicorn:126:in `<top (required)>'
  /opt/gitlab/embedded/bin/unicorn:23:in `load'
  /opt/gitlab/embedded/bin/unicorn:23:in `<top (required)>'
I, [2019-10-11T03:20:39.577386 #973]  INFO -- : Refreshing Gem list
Psych::SyntaxError: (<unknown>): did not find expected alphabetic or numeric character while scanning an alias at line 41 column 17
  /opt/gitlab/embedded/lib/ruby/2.4.0/psych.rb:377:in `parse'
  /opt/gitlab/embedded/lib/ruby/2.4.0/psych.rb:377:in `parse_stream'
  /opt/gitlab/embedded/lib/ruby/2.4.0/psych.rb:325:in `parse'
  /opt/gitlab/embedded/lib/ruby/2.4.0/psych.rb:252:in `load'
  /opt/gitlab/embedded/lib/ruby/gems/2.4.0/gems/settingslogic-2.0.9/lib/settingslogic.rb:103:in `initialize'
  /opt/gitlab/embedded/lib/ruby/gems/2.4.0/gems/settingslogic-2.0.9/lib/settingslogic.rb:60:in `new'
  /opt/gitlab/embedded/lib/ruby/gems/2.4.0/gems/settingslogic-2.0.9/lib/settingslogic.rb:60:in `instance'
  /opt/gitlab/embedded/lib/ruby/gems/2.4.0/gems/settingslogic-2.0.9/lib/settingslogic.rb:37:in `[]'
  /opt/gitlab/embedded/service/gitlab-rails/config/initializers/1_settings.rb:4:in `<top (required)>'
  /opt/gitlab/embedded/lib/ruby/gems/2.4.0/gems/activesupport-4.2.10/lib/active_support/dependencies.rb:268:in `load'
  /opt/gitlab/embedded/lib/ruby/gems/2.4.0/gems/activesupport-4.2.10/lib/active_support/dependencies.rb:268:in `block in load'
  /opt/gitlab/embedded/lib/ruby/gems/2.4.0/gems/activesupport-4.2.10/lib/active_support/dependencies.rb:240:in `load_dependency'
  /opt/gitlab/embedded/lib/ruby/gems/2.4.0/gems/activesupport-4.2.10/lib/active_support/dependencies.rb:268:in `load'
  /opt/gitlab/embedded/lib/ruby/gems/2.4.0/gems/railties-4.2.10/lib/rails/engine.rb:652:in `block in load_config_initializer'
  /opt/gitlab/embedded/lib/ruby/gems/2.4.0/gems/activesupport-4.2.10/lib/active_support/notifications.rb:166:in `instrument'
  /opt/gitlab/embedded/lib/ruby/gems/2.4.0/gems/railties-4.2.10/lib/rails/engine.rb:651:in `load_config_initializer'
  /opt/gitlab/embedded/lib/ruby/gems/2.4.0/gems/railties-4.2.10/lib/rails/engine.rb:616:in `block (2 levels) in <class:Engine>'
  /opt/gitlab/embedded/lib/ruby/gems/2.4.0/gems/railties-4.2.10/lib/rails/engine.rb:615:in `each'
  /opt/gitlab/embedded/lib/ruby/gems/2.4.0/gems/railties-4.2.10/lib/rails/engine.rb:615:in `block in <class:Engine>'
  /opt/gitlab/embedded/lib/ruby/gems/2.4.0/gems/railties-4.2.10/lib/rails/initializable.rb:30:in `instance_exec'
  /opt/gitlab/embedded/lib/ruby/gems/2.4.0/gems/railties-4.2.10/lib/rails/initializable.rb:30:in `run'
  /opt/gitlab/embedded/lib/ruby/gems/2.4.0/gems/railties-4.2.10/lib/rails/initializable.rb:55:in `block in run_initializers'
  /opt/gitlab/embedded/lib/ruby/2.4.0/tsort.rb:228:in `block in tsort_each'
  /opt/gitlab/embedded/lib/ruby/2.4.0/tsort.rb:350:in `block (2 levels) in each_strongly_connected_component'
  /opt/gitlab/embedded/lib/ruby/2.4.0/tsort.rb:422:in `block (2 levels) in each_strongly_connected_component_from'
  /opt/gitlab/embedded/lib/ruby/2.4.0/tsort.rb:431:in `each_strongly_connected_component_from'
  /opt/gitlab/embedded/lib/ruby/2.4.0/tsort.rb:421:in `block in each_strongly_connected_component_from'
  /opt/gitlab/embedded/lib/ruby/gems/2.4.0/gems/railties-4.2.10/lib/rails/initializable.rb:44:in `each'
  /opt/gitlab/embedded/lib/ruby/gems/2.4.0/gems/railties-4.2.10/lib/rails/initializable.rb:44:in `tsort_each_child'
  /opt/gitlab/embedded/lib/ruby/2.4.0/tsort.rb:415:in `call'
  /opt/gitlab/embedded/lib/ruby/2.4.0/tsort.rb:415:in `each_strongly_connected_component_from'
  /opt/gitlab/embedded/lib/ruby/2.4.0/tsort.rb:349:in `block in each_strongly_connected_component'
  /opt/gitlab/embedded/lib/ruby/2.4.0/tsort.rb:347:in `each'
  /opt/gitlab/embedded/lib/ruby/2.4.0/tsort.rb:347:in `call'
  /opt/gitlab/embedded/lib/ruby/2.4.0/tsort.rb:347:in `each_strongly_connected_component'
  /opt/gitlab/embedded/lib/ruby/2.4.0/tsort.rb:226:in `tsort_each'
  /opt/gitlab/embedded/lib/ruby/2.4.0/tsort.rb:205:in `tsort_each'
  /opt/gitlab/embedded/lib/ruby/gems/2.4.0/gems/railties-4.2.10/lib/rails/initializable.rb:54:in `run_initializers'
  /opt/gitlab/embedded/lib/ruby/gems/2.4.0/gems/railties-4.2.10/lib/rails/application.rb:352:in `initialize!'
  /opt/gitlab/embedded/service/gitlab-rails/config/environment.rb:11:in `<top (required)>'
  /opt/gitlab/embedded/service/gitlab-rails/config.ru:19:in `require'
  /opt/gitlab/embedded/service/gitlab-rails/config.ru:19:in `block in <main>'
  /opt/gitlab/embedded/lib/ruby/gems/2.4.0/gems/rack-1.6.10/lib/rack/builder.rb:55:in `instance_eval'
  /opt/gitlab/embedded/lib/ruby/gems/2.4.0/gems/rack-1.6.10/lib/rack/builder.rb:55:in `initialize'
  /opt/gitlab/embedded/service/gitlab-rails/config.ru:1:in `new'
  /opt/gitlab/embedded/service/gitlab-rails/config.ru:1:in `<main>'
  /opt/gitlab/embedded/lib/ruby/gems/2.4.0/gems/unicorn-5.1.0/lib/unicorn.rb:56:in `eval'
  /opt/gitlab/embedded/lib/ruby/gems/2.4.0/gems/unicorn-5.1.0/lib/unicorn.rb:56:in `block in builder'
  /opt/gitlab/embedded/lib/ruby/gems/2.4.0/gems/unicorn-5.1.0/lib/unicorn/http_server.rb:752:in `build_app!'
  /opt/gitlab/embedded/lib/ruby/gems/2.4.0/gems/unicorn-5.1.0/lib/unicorn/http_server.rb:129:in `start'
  /opt/gitlab/embedded/lib/ruby/gems/2.4.0/gems/unicorn-5.1.0/bin/unicorn:126:in `<top (required)>'
  /opt/gitlab/embedded/bin/unicorn:23:in `load'
  /opt/gitlab/embedded/bin/unicorn:23:in `<top (required)>'
I, [2019-10-11T03:21:02.425330 #1085]  INFO -- : Refreshing Gem list
