2018-12-19  7:09:16 140174718512256 [Note] InnoDB: innodb_empty_free_list_algorithm has been changed to legacy because of small buffer pool size. In order to use backoff, increase buffer pool at least up to 20MB.

2018-12-19  7:09:16 140174718512256 [Note] InnoDB: Using mutexes to ref count buffer pool pages
2018-12-19  7:09:16 140174718512256 [Note] InnoDB: The InnoDB memory heap is disabled
2018-12-19  7:09:16 140174718512256 [Note] InnoDB: Mutexes and rw_locks use GCC atomic builtins
2018-12-19  7:09:16 140174718512256 [Note] InnoDB: GCC builtin __atomic_thread_fence() is used for memory barrier
2018-12-19  7:09:16 140174718512256 [Note] InnoDB: Compressed tables use zlib 1.2.11
2018-12-19  7:09:16 140174718512256 [Note] InnoDB: Using Linux native AIO
2018-12-19  7:09:16 140174718512256 [Note] InnoDB: Using SSE crc32 instructions
2018-12-19  7:09:16 140174718512256 [Note] InnoDB: Initializing buffer pool, size = 128.0M
2018-12-19  7:09:16 140174718512256 [Note] InnoDB: Completed initialization of buffer pool
2018-12-19  7:09:16 140174718512256 [Note] InnoDB: The first specified data file ./ibdata1 did not exist: a new database to be created!
2018-12-19  7:09:16 140174718512256 [Note] InnoDB: Setting file ./ibdata1 size to 12 MB
2018-12-19  7:09:16 140174718512256 [Note] InnoDB: Setting log file ./ib_logfile101 size to 48 MB
2018-12-19  7:09:16 140174718512256 [Note] InnoDB: Setting log file ./ib_logfile1 size to 48 MB
2018-12-19  7:09:16 140174718512256 [Note] InnoDB: Renaming log file ./ib_logfile101 to ./ib_logfile0
2018-12-19  7:09:16 140174718512256 [Warning] InnoDB: New log files created, LSN=45781
2018-12-19  7:09:16 140174718512256 [Note] InnoDB: Doublewrite buffer not found: creating new
2018-12-19  7:09:16 140174718512256 [Note] InnoDB: Doublewrite buffer created
2018-12-19  7:09:16 140174718512256 [Note] InnoDB: 128 rollback segment(s) are active.
2018-12-19  7:09:16 140174718512256 [Warning] InnoDB: Creating foreign key constraint system tables.
2018-12-19  7:09:16 140174718512256 [Note] InnoDB: Foreign key constraint system tables created
2018-12-19  7:09:16 140174718512256 [Note] InnoDB: Creating tablespace and datafile system tables.
2018-12-19  7:09:16 140174718512256 [Note] InnoDB: Tablespace and datafile system tables created.
2018-12-19  7:09:16 140174718512256 [Note] InnoDB: Waiting for purge to start
2018-12-19  7:09:17 140174718512256 [Note] InnoDB:  Percona XtraDB (http://www.percona.com) 5.6.39-83.1 started; log sequence number 0
2018-12-19  7:09:17 140174080042752 [Note] InnoDB: Dumping buffer pool(s) not yet started
2018-12-19  7:09:19 140325685210240 [Note] InnoDB: innodb_empty_free_list_algorithm has been changed to legacy because of small buffer pool size. In order to use backoff, increase buffer pool at least up to 20MB.

2018-12-19  7:09:20 140325685210240 [Note] InnoDB: Using mutexes to ref count buffer pool pages
2018-12-19  7:09:20 140325685210240 [Note] InnoDB: The InnoDB memory heap is disabled
2018-12-19  7:09:20 140325685210240 [Note] InnoDB: Mutexes and rw_locks use GCC atomic builtins
2018-12-19  7:09:20 140325685210240 [Note] InnoDB: GCC builtin __atomic_thread_fence() is used for memory barrier
2018-12-19  7:09:20 140325685210240 [Note] InnoDB: Compressed tables use zlib 1.2.11
2018-12-19  7:09:20 140325685210240 [Note] InnoDB: Using Linux native AIO
2018-12-19  7:09:20 140325685210240 [Note] InnoDB: Using SSE crc32 instructions
2018-12-19  7:09:20 140325685210240 [Note] InnoDB: Initializing buffer pool, size = 128.0M
2018-12-19  7:09:20 140325685210240 [Note] InnoDB: Completed initialization of buffer pool
2018-12-19  7:09:20 140325685210240 [Note] InnoDB: Highest supported file format is Barracuda.
2018-12-19  7:09:20 140325685210240 [Note] InnoDB: 128 rollback segment(s) are active.
2018-12-19  7:09:20 140325685210240 [Note] InnoDB: Waiting for purge to start
2018-12-19  7:09:20 140325685210240 [Note] InnoDB:  Percona XtraDB (http://www.percona.com) 5.6.39-83.1 started; log sequence number 1616697
2018-12-19  7:09:20 140325045626624 [Note] InnoDB: Dumping buffer pool(s) not yet started
2018-12-19  7:09:23 140533243473024 [Note] InnoDB: innodb_empty_free_list_algorithm has been changed to legacy because of small buffer pool size. In order to use backoff, increase buffer pool at least up to 20MB.

2018-12-19  7:09:23 140533243473024 [Note] InnoDB: Using mutexes to ref count buffer pool pages
2018-12-19  7:09:23 140533243473024 [Note] InnoDB: The InnoDB memory heap is disabled
2018-12-19  7:09:23 140533243473024 [Note] InnoDB: Mutexes and rw_locks use GCC atomic builtins
2018-12-19  7:09:23 140533243473024 [Note] InnoDB: GCC builtin __atomic_thread_fence() is used for memory barrier
2018-12-19  7:09:23 140533243473024 [Note] InnoDB: Compressed tables use zlib 1.2.11
2018-12-19  7:09:23 140533243473024 [Note] InnoDB: Using Linux native AIO
2018-12-19  7:09:23 140533243473024 [Note] InnoDB: Using SSE crc32 instructions
2018-12-19  7:09:23 140533243473024 [Note] InnoDB: Initializing buffer pool, size = 128.0M
2018-12-19  7:09:23 140533243473024 [Note] InnoDB: Completed initialization of buffer pool
2018-12-19  7:09:23 140533243473024 [Note] InnoDB: Highest supported file format is Barracuda.
2018-12-19  7:09:23 140533243473024 [Note] InnoDB: 128 rollback segment(s) are active.
2018-12-19  7:09:23 140533243473024 [Note] InnoDB: Waiting for purge to start
2018-12-19  7:09:23 140533243473024 [Note] InnoDB:  Percona XtraDB (http://www.percona.com) 5.6.39-83.1 started; log sequence number 1616707
2018-12-19  7:09:23 140532604954368 [Note] InnoDB: Dumping buffer pool(s) not yet started
2018-12-19  7:09:26 140437382003840 [Note] InnoDB: innodb_empty_free_list_algorithm has been changed to legacy because of small buffer pool size. In order to use backoff, increase buffer pool at least up to 20MB.

2018-12-19  7:09:26 140437382003840 [Note] InnoDB: Using mutexes to ref count buffer pool pages
2018-12-19  7:09:26 140437382003840 [Note] InnoDB: The InnoDB memory heap is disabled
2018-12-19  7:09:26 140437382003840 [Note] InnoDB: Mutexes and rw_locks use GCC atomic builtins
2018-12-19  7:09:26 140437382003840 [Note] InnoDB: GCC builtin __atomic_thread_fence() is used for memory barrier
2018-12-19  7:09:26 140437382003840 [Note] InnoDB: Compressed tables use zlib 1.2.11
2018-12-19  7:09:26 140437382003840 [Note] InnoDB: Using Linux native AIO
2018-12-19  7:09:26 140437382003840 [Note] InnoDB: Using SSE crc32 instructions
2018-12-19  7:09:26 140437382003840 [Note] InnoDB: Initializing buffer pool, size = 128.0M
2018-12-19  7:09:26 140437382003840 [Note] InnoDB: Completed initialization of buffer pool
2018-12-19  7:09:26 140437382003840 [Note] InnoDB: Highest supported file format is Barracuda.
2018-12-19  7:09:26 140437382003840 [Note] InnoDB: 128 rollback segment(s) are active.
2018-12-19  7:09:26 140437382003840 [Note] InnoDB: Waiting for purge to start
2018-12-19  7:09:26 140437382003840 [Note] InnoDB:  Percona XtraDB (http://www.percona.com) 5.6.39-83.1 started; log sequence number 1616717
2018-12-19  7:09:26 140437382003840 [Note] Plugin 'FEEDBACK' is disabled.
2018-12-19  7:09:26 140436744136448 [Note] InnoDB: Dumping buffer pool(s) not yet started
2019-10-11  2:04:01 139877709130880 [Note] InnoDB: innodb_empty_free_list_algorithm has been changed to legacy because of small buffer pool size. In order to use backoff, increase buffer pool at least up to 20MB.

2019-10-11  2:04:01 139877709130880 [Note] InnoDB: Using mutexes to ref count buffer pool pages
2019-10-11  2:04:01 139877709130880 [Note] InnoDB: The InnoDB memory heap is disabled
2019-10-11  2:04:01 139877709130880 [Note] InnoDB: Mutexes and rw_locks use GCC atomic builtins
2019-10-11  2:04:01 139877709130880 [Note] InnoDB: GCC builtin __atomic_thread_fence() is used for memory barrier
2019-10-11  2:04:01 139877709130880 [Note] InnoDB: Compressed tables use zlib 1.2.11
2019-10-11  2:04:01 139877709130880 [Note] InnoDB: Using Linux native AIO
2019-10-11  2:04:01 139877709130880 [Note] InnoDB: Using SSE crc32 instructions
2019-10-11  2:04:01 139877709130880 [Note] InnoDB: Initializing buffer pool, size = 128.0M
2019-10-11  2:04:01 139877709130880 [Note] InnoDB: Completed initialization of buffer pool
2019-10-11  2:04:01 139877709130880 [Note] InnoDB: The first specified data file ./ibdata1 did not exist: a new database to be created!
2019-10-11  2:04:01 139877709130880 [Note] InnoDB: Setting file ./ibdata1 size to 12 MB
2019-10-11  2:04:03 139877709130880 [Note] InnoDB: Setting log file ./ib_logfile101 size to 48 MB
2019-10-11  2:04:03 139877709130880 [Note] InnoDB: Setting log file ./ib_logfile1 size to 48 MB
2019-10-11  2:04:04 139877709130880 [Note] InnoDB: Renaming log file ./ib_logfile101 to ./ib_logfile0
2019-10-11  2:04:04 139877709130880 [Warning] InnoDB: New log files created, LSN=45781
2019-10-11  2:04:04 139877709130880 [Note] InnoDB: Doublewrite buffer not found: creating new
2019-10-11  2:04:04 139877709130880 [Note] InnoDB: Doublewrite buffer created
2019-10-11  2:04:04 139877709130880 [Note] InnoDB: 128 rollback segment(s) are active.
2019-10-11  2:04:04 139877709130880 [Warning] InnoDB: Creating foreign key constraint system tables.
2019-10-11  2:04:04 139877709130880 [Note] InnoDB: Foreign key constraint system tables created
2019-10-11  2:04:04 139877709130880 [Note] InnoDB: Creating tablespace and datafile system tables.
2019-10-11  2:04:04 139877709130880 [Note] InnoDB: Tablespace and datafile system tables created.
2019-10-11  2:04:04 139877709130880 [Note] InnoDB: Waiting for purge to start
2019-10-11  2:04:04 139877709130880 [Note] InnoDB:  Percona XtraDB (http://www.percona.com) 5.6.39-83.1 started; log sequence number 0
2019-10-11  2:04:04 139877031081728 [Note] InnoDB: Dumping buffer pool(s) not yet started
2019-10-11  2:04:07 140562418990208 [Note] InnoDB: innodb_empty_free_list_algorithm has been changed to legacy because of small buffer pool size. In order to use backoff, increase buffer pool at least up to 20MB.

2019-10-11  2:04:07 140562418990208 [Note] InnoDB: Using mutexes to ref count buffer pool pages
2019-10-11  2:04:07 140562418990208 [Note] InnoDB: The InnoDB memory heap is disabled
2019-10-11  2:04:07 140562418990208 [Note] InnoDB: Mutexes and rw_locks use GCC atomic builtins
2019-10-11  2:04:07 140562418990208 [Note] InnoDB: GCC builtin __atomic_thread_fence() is used for memory barrier
2019-10-11  2:04:07 140562418990208 [Note] InnoDB: Compressed tables use zlib 1.2.11
2019-10-11  2:04:07 140562418990208 [Note] InnoDB: Using Linux native AIO
2019-10-11  2:04:07 140562418990208 [Note] InnoDB: Using SSE crc32 instructions
2019-10-11  2:04:07 140562418990208 [Note] InnoDB: Initializing buffer pool, size = 128.0M
2019-10-11  2:04:07 140562418990208 [Note] InnoDB: Completed initialization of buffer pool
2019-10-11  2:04:07 140562418990208 [Note] InnoDB: Highest supported file format is Barracuda.
2019-10-11  2:04:07 140562418990208 [Note] InnoDB: 128 rollback segment(s) are active.
2019-10-11  2:04:07 140562418990208 [Note] InnoDB: Waiting for purge to start
2019-10-11  2:04:08 140562418990208 [Note] InnoDB:  Percona XtraDB (http://www.percona.com) 5.6.39-83.1 started; log sequence number 1616697
2019-10-11  2:04:08 140561734432512 [Note] InnoDB: Dumping buffer pool(s) not yet started
2019-10-11  2:04:12 139934883994752 [Note] InnoDB: innodb_empty_free_list_algorithm has been changed to legacy because of small buffer pool size. In order to use backoff, increase buffer pool at least up to 20MB.

2019-10-11  2:04:12 139934883994752 [Note] InnoDB: Using mutexes to ref count buffer pool pages
2019-10-11  2:04:12 139934883994752 [Note] InnoDB: The InnoDB memory heap is disabled
2019-10-11  2:04:12 139934883994752 [Note] InnoDB: Mutexes and rw_locks use GCC atomic builtins
2019-10-11  2:04:12 139934883994752 [Note] InnoDB: GCC builtin __atomic_thread_fence() is used for memory barrier
2019-10-11  2:04:12 139934883994752 [Note] InnoDB: Compressed tables use zlib 1.2.11
2019-10-11  2:04:12 139934883994752 [Note] InnoDB: Using Linux native AIO
2019-10-11  2:04:12 139934883994752 [Note] InnoDB: Using SSE crc32 instructions
2019-10-11  2:04:12 139934883994752 [Note] InnoDB: Initializing buffer pool, size = 128.0M
2019-10-11  2:04:12 139934883994752 [Note] InnoDB: Completed initialization of buffer pool
2019-10-11  2:04:12 139934883994752 [Note] InnoDB: Highest supported file format is Barracuda.
2019-10-11  2:04:12 139934883994752 [Note] InnoDB: 128 rollback segment(s) are active.
2019-10-11  2:04:12 139934883994752 [Note] InnoDB: Waiting for purge to start
2019-10-11  2:04:12 139934883994752 [Note] InnoDB:  Percona XtraDB (http://www.percona.com) 5.6.39-83.1 started; log sequence number 1616707
2019-10-11  2:04:12 139934195250944 [Note] InnoDB: Dumping buffer pool(s) not yet started
